Using pre-set license
Built from '2023.2/staging' branch; Version is '2023.2.0f1 (d0d63d039a6f) revision 13686333'; Using compiler version '193431935'; Build Type 'Release'
OS: 'Windows 11  (10.0.22621) 64bit CoreSingleLanguage' Language: 'en' Physical Memory: 7895 MB
BatchMode: 1, IsHumanControllingUs: 0, StartBugReporterOnCrash: 0, Is64bit: 1, IsPro: 1

COMMAND LINE ARGUMENTS:
D:\unity\2023.2.0f1\Editor\Unity.exe
-adb2
-batchMode
-noUpm
-name
AssetImportWorker2
-projectPath
D:/projek1 game trashshoot
-logFile
Logs/AssetImportWorker2.log
-srvPort
56174
-job-worker-count
5
-background-job-worker-count
8
-asset-garbage-collectors
1
Successfully changed project path to: D:/projek1 game trashshoot
D:/projek1 game trashshoot
[UnityMemory] Configuration Parameters - Can be set up in boot.config
    "memorysetup-bucket-allocator-granularity=16"
    "memorysetup-bucket-allocator-bucket-count=8"
    "memorysetup-bucket-allocator-block-size=33554432"
    "memorysetup-bucket-allocator-block-count=8"
    "memorysetup-main-allocator-block-size=16777216"
    "memorysetup-thread-allocator-block-size=16777216"
    "memorysetup-gfx-main-allocator-block-size=16777216"
    "memorysetup-gfx-thread-allocator-block-size=16777216"
    "memorysetup-cache-allocator-block-size=4194304"
    "memorysetup-typetree-allocator-block-size=2097152"
    "memorysetup-profiler-bucket-allocator-granularity=16"
    "memorysetup-profiler-bucket-allocator-bucket-count=8"
    "memorysetup-profiler-bucket-allocator-block-size=33554432"
    "memorysetup-profiler-bucket-allocator-block-count=8"
    "memorysetup-profiler-allocator-block-size=16777216"
    "memorysetup-profiler-editor-allocator-block-size=1048576"
    "memorysetup-temp-allocator-size-main=16777216"
    "memorysetup-job-temp-allocator-block-size=2097152"
    "memorysetup-job-temp-allocator-block-size-background=1048576"
    "memorysetup-job-temp-allocator-reduction-small-platforms=262144"
    "memorysetup-allocator-temp-initial-block-size-main=262144"
    "memorysetup-allocator-temp-initial-block-size-worker=262144"
    "memorysetup-temp-allocator-size-background-worker=32768"
    "memorysetup-temp-allocator-size-job-worker=262144"
    "memorysetup-temp-allocator-size-preload-manager=33554432"
    "memorysetup-temp-allocator-size-nav-mesh-worker=65536"
    "memorysetup-temp-allocator-size-audio-worker=65536"
    "memorysetup-temp-allocator-size-cloud-worker=32768"
    "memorysetup-temp-allocator-size-gi-baking-worker=262144"
    "memorysetup-temp-allocator-size-gi-baking-worker=262144"
    "memorysetup-temp-allocator-size-gi-baking-worker=262144"
    "memorysetup-temp-allocator-size-gi-baking-worker=262144"
    "memorysetup-temp-allocator-size-gfx=262144"
Player connection [63136] Host "[IP] 192.168.0.7 [Port] 0 [Flags] 2 [Guid] 2943172800 [EditorId] 2943172800 [Version] 1048832 [Id] WindowsEditor(7,LAPTOP-48ST45EH) [Debug] 1 [PackageName] WindowsEditor [ProjectName] Editor" joined multi-casting on [225.0.0.222:54997]...
Player connection [63136] Host "[IP] 192.168.0.7 [Port] 0 [Flags] 2 [Guid] 2943172800 [EditorId] 2943172800 [Version] 1048832 [Id] WindowsEditor(7,LAPTOP-48ST45EH) [Debug] 1 [PackageName] WindowsEditor [ProjectName] Editor" joined alternative multi-casting on [225.0.0.222:34997]...
JobSystem: Creating JobQueue using job-worker-count value 5
[Physics::Module] Initialized MultithreadedJobDispatcher with 5 workers.
Library Redirect Path: Library/
Refreshing native plugins compatible for Editor in 6.28 ms, found 3 plugins.
Preloading 0 native plugins for Editor in 0.00 ms.
Initialize engine version: 2023.2.0f1 (d0d63d039a6f)
[Subsystems] Discovering subsystems at path D:/unity/2023.2.0f1/Editor/Data/Resources/UnitySubsystems
[Subsystems] Discovering subsystems at path D:/projek1 game trashshoot/Assets
GfxDevice: creating device client; kGfxThreadingModeNonThreaded
Direct3D:
    Version:  Direct3D 11.0 [level 11.1]
    Renderer: NVIDIA GeForce RTX 2050 (ID=0x25ad)
    Vendor:   NVIDIA
    VRAM:     3977 MB
    Driver:   31.0.15.3713
Initialize mono
Mono path[0] = 'D:/unity/2023.2.0f1/Editor/Data/Managed'
Mono path[1] = 'D:/unity/2023.2.0f1/Editor/Data/MonoBleedingEdge/lib/mono/unityjit-win32'
Mono config path = 'D:/unity/2023.2.0f1/Editor/Data/MonoBleedingEdge/etc'
Using monoOptions --debugger-agent=transport=dt_socket,embedding=1,server=y,suspend=n,address=127.0.0.1:56068
Begin MonoManager ReloadAssembly
C:\build\output\Unity-Technologies\mono\mono\metadata\icall.c:1842:
C:\build\output\Unity-Technologies\mono\mono\metadata\icall.c:1842:
C:\build\output\Unity-Technologies\mono\mono\metadata\icall.c:1842:
C:\build\output\Unity-Technologies\mono\mono\metadata\icall.c:1842:
C:\build\output\Unity-Technologies\mono\mono\metadata\icall.c:1842:
C:\build\output\Unity-Technologies\mono\mono\metadata\icall.c:1842:
C:\build\output\Unity-Technologies\mono\mono\metadata\icall.c:1842:
C:\build\output\Unity-Technologies\mono\mono\metadata\icall.c:1842:
C:\build\output\Unity-Technologies\mono\mono\metadata\icall.c:1842:
C:\build\output\Unity-Technologies\mono\mono\metadata\icall.c:1842:
Registering precompiled unity dll's ...
Register platform support module: D:/unity/2023.2.0f1/Editor/Data/PlaybackEngines/WindowsStandaloneSupport/UnityEditor.WindowsStandalone.Extensions.dll
Register platform support module: D:/unity/2023.2.0f1/Editor/Data/PlaybackEngines/AndroidPlayer/UnityEditor.Android.Extensions.dll
Registered in 0.004458 seconds.
- Loaded All Assemblies, in  0.440 seconds
Native extension for Android target not found
Android Extension - Scanning For ADB Devices 1497 ms
Native extension for WindowsStandalone target not found
Mono: successfully reloaded assembly
C:\build\output\Unity-Technologies\mono\mono\metadata\icall.c:1842:
C:\build\output\Unity-Technologies\mono\mono\metadata\icall.c:1842:
- Finished resetting the current domain, in  1.831 seconds
Domain Reload Profiling: 2270ms
	BeginReloadAssembly (197ms)
		ExecutionOrderSort (0ms)
		DisableScriptedObjects (0ms)
		BackupInstance (0ms)
		ReleaseScriptingObjects (0ms)
		CreateAndSetChildDomain (2ms)
	RebuildCommonClasses (32ms)
	RebuildNativeTypeToScriptingClass (9ms)
	initialDomainReloadingComplete (50ms)
	LoadAllAssembliesAndSetupDomain (151ms)
		LoadAssemblies (195ms)
		RebuildTransferFunctionScriptingTraits (0ms)
		AnalyzeDomain (148ms)
			TypeCache.Refresh (144ms)
				TypeCache.ScanAssembly (126ms)
			BuildScriptInfoCaches (1ms)
			ResolveRequiredComponents (3ms)
	FinalizeReload (1831ms)
		ReleaseScriptCaches (0ms)
		RebuildScriptCaches (0ms)
		SetupLoadedEditorAssemblies (1784ms)
			LogAssemblyErrors (0ms)
			InitializePlatformSupportModulesInManaged (1588ms)
			SetLoadedEditorAssemblies (4ms)
			BeforeProcessingInitializeOnLoad (7ms)
			ProcessInitializeOnLoadAttributes (140ms)
			ProcessInitializeOnLoadMethodAttributes (44ms)
			AfterProcessingInitializeOnLoad (0ms)
			EditorAssembliesLoaded (0ms)
		ExecutionOrderSort2 (0ms)
		AwakeInstancesAfterBackupRestoration (0ms)
========================================================================
Worker process is ready to serve import requests
Import Worker Mode flag is 0x00
Begin MonoManager ReloadAssembly
C:\build\output\Unity-Technologies\mono\mono\metadata\icall.c:1842:
C:\build\output\Unity-Technologies\mono\mono\metadata\icall.c:1842:
C:\build\output\Unity-Technologies\mono\mono\metadata\icall.c:1842:
C:\build\output\Unity-Technologies\mono\mono\metadata\icall.c:1842:
C:\build\output\Unity-Technologies\mono\mono\metadata\icall.c:1842:
C:\build\output\Unity-Technologies\mono\mono\metadata\icall.c:1842:
C:\build\output\Unity-Technologies\mono\mono\metadata\icall.c:1842:
C:\build\output\Unity-Technologies\mono\mono\metadata\icall.c:1842:
C:\build\output\Unity-Technologies\mono\mono\metadata\icall.c:1842:
C:\build\output\Unity-Technologies\mono\mono\metadata\icall.c:1842:
C:\build\output\Unity-Technologies\mono\mono\metadata\icall.c:1842:
C:\build\output\Unity-Technologies\mono\mono\metadata\icall.c:1842:
- Loaded All Assemblies, in  1.054 seconds
Refreshing native plugins compatible for Editor in 0.31 ms, found 3 plugins.
Native extension for Android target not found
Native extension for WindowsStandalone target not found
Mono: successfully reloaded assembly
- Finished resetting the current domain, in  0.631 seconds
Domain Reload Profiling: 1670ms
	BeginReloadAssembly (383ms)
		ExecutionOrderSort (0ms)
		DisableScriptedObjects (4ms)
		BackupInstance (0ms)
		ReleaseScriptingObjects (0ms)
		CreateAndSetChildDomain (37ms)
	RebuildCommonClasses (39ms)
	RebuildNativeTypeToScriptingClass (11ms)
	initialDomainReloadingComplete (30ms)
	LoadAllAssembliesAndSetupDomain (574ms)
		LoadAssemblies (571ms)
		RebuildTransferFunctionScriptingTraits (0ms)
		AnalyzeDomain (170ms)
			TypeCache.Refresh (144ms)
				TypeCache.ScanAssembly (126ms)
			BuildScriptInfoCaches (21ms)
			ResolveRequiredComponents (2ms)
	FinalizeReload (632ms)
		ReleaseScriptCaches (0ms)
		RebuildScriptCaches (0ms)
		SetupLoadedEditorAssemblies (435ms)
			LogAssemblyErrors (0ms)
			InitializePlatformSupportModulesInManaged (46ms)
			SetLoadedEditorAssemblies (4ms)
			BeforeProcessingInitializeOnLoad (37ms)
			ProcessInitializeOnLoadAttributes (309ms)
			ProcessInitializeOnLoadMethodAttributes (39ms)
			AfterProcessingInitializeOnLoad (1ms)
			EditorAssembliesLoaded (0ms)
		ExecutionOrderSort2 (0ms)
		AwakeInstancesAfterBackupRestoration (6ms)
Launched and connected shader compiler UnityShaderCompiler.exe after 0.03 seconds
Refreshing native plugins compatible for Editor in 0.57 ms, found 3 plugins.
Preloading 0 native plugins for Editor in 0.00 ms.
Unloading 29 Unused Serialized files (Serialized files now loaded: 0)
Unloading 2507 unused Assets / (1.0 MB). Loaded Objects now: 3092.
Memory consumption went from 115.0 MB to 114.0 MB.
Total: 8.577400 ms (FindLiveObjects: 0.405700 ms CreateObjectMapping: 0.265400 ms MarkObjects: 6.731700 ms  DeleteObjects: 1.172500 ms)

========================================================================
Received Import Request.
  Time since last request: 2171780.596993 seconds.
  path: Assets/Scenes/lvl2 (7).unity
  artifactKey: Guid(26b20b5f714a6be41b5590d99b4545f1) Importer(2089858483,192608db42251d675da83286b1cce702)
Start importing Assets/Scenes/lvl2 (7).unity using Guid(26b20b5f714a6be41b5590d99b4545f1) Importer(2089858483,192608db42251d675da83286b1cce702) (ScriptedImporter)Generated GUIDs only implemented for interfaces!
 -> (artifact id: '3653daa52902d9ca309fd6c43832e47f') in 0.0908877 seconds
Number of updated asset objects reloaded before import = 0Number of asset objects unloaded after import = 1

========================================================================
Received Import Request.
  Time since last request: 0.000910 seconds.
  path: Assets/Scenes/lvl3 (1).unity
  artifactKey: Guid(967ae6780876e0643a38987457f30e4f) Importer(2089858483,192608db42251d675da83286b1cce702)
Start importing Assets/Scenes/lvl3 (1).unity using Guid(967ae6780876e0643a38987457f30e4f) Importer(2089858483,192608db42251d675da83286b1cce702) (ScriptedImporter)Generated GUIDs only implemented for interfaces!
 -> (artifact id: '0000f480e41a0951801a8dd22384d776') in 0.0105216 seconds
Number of updated asset objects reloaded before import = 0Number of asset objects unloaded after import = 1

========================================================================
Received Import Request.
  Time since last request: 0.000072 seconds.
  path: Assets/ChangeScene.cs
  artifactKey: Guid(ae817314fe1b8f848a405657bd623e55) Importer(2089858483,192608db42251d675da83286b1cce702)
Start importing Assets/ChangeScene.cs using Guid(ae817314fe1b8f848a405657bd623e55) Importer(2089858483,192608db42251d675da83286b1cce702) (ScriptedImporter)Generated GUIDs only implemented for interfaces!
 -> (artifact id: '08345353650b5f997b4e6754ce78ab46') in 0.0293091 seconds
Number of updated asset objects reloaded before import = 0Number of asset objects unloaded after import = 0

========================================================================
Received Import Request.
  Time since last request: 0.000100 seconds.
  path: Assets/Scenes/lvl2 (2).unity
  artifactKey: Guid(a6071c5596b46f047b3c60f30f6cd3fb) Importer(2089858483,192608db42251d675da83286b1cce702)
Start importing Assets/Scenes/lvl2 (2).unity using Guid(a6071c5596b46f047b3c60f30f6cd3fb) Importer(2089858483,192608db42251d675da83286b1cce702) (ScriptedImporter)Generated GUIDs only implemented for interfaces!
 -> (artifact id: 'fe8635cb4d228671733146f8ff9fee74') in 0.0109577 seconds
Number of updated asset objects reloaded before import = 0Number of asset objects unloaded after import = 1

========================================================================
Received Import Request.
  Time since last request: 0.000118 seconds.
  path: Assets/Scenes/lvl3 (3).unity
  artifactKey: Guid(c097cf542bbe28c4e9cb9c0b58ac9af3) Importer(2089858483,192608db42251d675da83286b1cce702)
Start importing Assets/Scenes/lvl3 (3).unity using Guid(c097cf542bbe28c4e9cb9c0b58ac9af3) Importer(2089858483,192608db42251d675da83286b1cce702) (ScriptedImporter)Generated GUIDs only implemented for interfaces!
 -> (artifact id: '31f78dcad9d1a8f6bc03e658192ff68b') in 0.0094929 seconds
Number of updated asset objects reloaded before import = 0Number of asset objects unloaded after import = 1

========================================================================
Received Import Request.
  Time since last request: 0.000083 seconds.
  path: Assets/Scenes/lvl4 (6).unity
  artifactKey: Guid(861876a6408b7d148a689249e99a88ff) Importer(2089858483,192608db42251d675da83286b1cce702)
Start importing Assets/Scenes/lvl4 (6).unity using Guid(861876a6408b7d148a689249e99a88ff) Importer(2089858483,192608db42251d675da83286b1cce702) (ScriptedImporter)Generated GUIDs only implemented for interfaces!
 -> (artifact id: '8cf3efec3ee8ea2dd65d124b5b908b7f') in 0.0106383 seconds
Number of updated asset objects reloaded before import = 0Number of asset objects unloaded after import = 1

========================================================================
Received Import Request.
  Time since last request: 0.000057 seconds.
  path: Assets/aset/rcn-removebg-preview.png
  artifactKey: Guid(857217b3c5d93074b9ee4825d3700c12) Importer(2089858483,192608db42251d675da83286b1cce702)
Start importing Assets/aset/rcn-removebg-preview.png using Guid(857217b3c5d93074b9ee4825d3700c12) Importer(2089858483,192608db42251d675da83286b1cce702) (ScriptedImporter)Generated GUIDs only implemented for interfaces!
 -> (artifact id: '0c73c811aaa6c340188964e68ff2a67b') in 0.0823793 seconds
Number of updated asset objects reloaded before import = 0Number of asset objects unloaded after import = 3

========================================================================
Received Import Request.
  Time since last request: 0.000054 seconds.
  path: Assets/Scenes/level 4.unity
  artifactKey: Guid(8fcde3535bc91ec4e8d921b93bb5b304) Importer(2089858483,192608db42251d675da83286b1cce702)
Start importing Assets/Scenes/level 4.unity using Guid(8fcde3535bc91ec4e8d921b93bb5b304) Importer(2089858483,192608db42251d675da83286b1cce702) (ScriptedImporter)Generated GUIDs only implemented for interfaces!
 -> (artifact id: 'ab2cc231490654350dd24fd2613a1dcd') in 0.0273401 seconds
Number of updated asset objects reloaded before import = 0Number of asset objects unloaded after import = 1

========================================================================
Received Import Request.
  Time since last request: 0.000020 seconds.
  path: Assets/aset/bb2-removebg-preview.png
  artifactKey: Guid(05d67ba0c21545943bd64b8b13c5b772) Importer(2089858483,192608db42251d675da83286b1cce702)
Start importing Assets/aset/bb2-removebg-preview.png using Guid(05d67ba0c21545943bd64b8b13c5b772) Importer(2089858483,192608db42251d675da83286b1cce702) (ScriptedImporter)Generated GUIDs only implemented for interfaces!
 -> (artifact id: '3d3f531d3aa46558dd2eaf158b2a1ce5') in 0.0400341 seconds
Number of updated asset objects reloaded before import = 0Number of asset objects unloaded after import = 3

========================================================================
Received Import Request.
  Time since last request: 0.000025 seconds.
  path: Assets/aset/kaleng2-removebg-preview.png
  artifactKey: Guid(d7b2e5d8287e27e43b2c178dafe2dd4f) Importer(2089858483,192608db42251d675da83286b1cce702)
Start importing Assets/aset/kaleng2-removebg-preview.png using Guid(d7b2e5d8287e27e43b2c178dafe2dd4f) Importer(2089858483,192608db42251d675da83286b1cce702) (ScriptedImporter)Generated GUIDs only implemented for interfaces!
 -> (artifact id: 'd04aabd6b8d9edf9588e7ca37ad85daf') in 0.0328804 seconds
Number of updated asset objects reloaded before import = 0Number of asset objects unloaded after import = 3

========================================================================
Received Import Request.
  Time since last request: 0.000233 seconds.
  path: Assets/TextMesh Pro/Shaders/TMP_SDF-Mobile.shader
  artifactKey: Guid(fe393ace9b354375a9cb14cdbbc28be4) Importer(2089858483,192608db42251d675da83286b1cce702)
Start importing Assets/TextMesh Pro/Shaders/TMP_SDF-Mobile.shader using Guid(fe393ace9b354375a9cb14cdbbc28be4) Importer(2089858483,192608db42251d675da83286b1cce702) (ScriptedImporter)Generated GUIDs only implemented for interfaces!
 -> (artifact id: '479d2f73b95ff106f94f64e6d7492f0b') in 0.0292129 seconds
Number of updated asset objects reloaded before import = 0Number of asset objects unloaded after import = 1

========================================================================
Received Import Request.
  Time since last request: 0.000077 seconds.
  path: Assets/TextMesh Pro/Resources/TMP Settings.asset
  artifactKey: Guid(3f5b5dff67a942289a9defa416b206f3) Importer(2089858483,192608db42251d675da83286b1cce702)
Start importing Assets/TextMesh Pro/Resources/TMP Settings.asset using Guid(3f5b5dff67a942289a9defa416b206f3) Importer(2089858483,192608db42251d675da83286b1cce702) (ScriptedImporter)Generated GUIDs only implemented for interfaces!
 -> (artifact id: '04133b05a801e36d2408807086756538') in 0.1055427 seconds
Number of updated asset objects reloaded before import = 0Number of asset objects unloaded after import = 13

========================================================================
Received Import Request.
  Time since last request: 0.000029 seconds.
  path: Assets/Scenes/lvl1 (2).unity
  artifactKey: Guid(5c33810727de6ac45b7326afb66380f5) Importer(2089858483,192608db42251d675da83286b1cce702)
Start importing Assets/Scenes/lvl1 (2).unity using Guid(5c33810727de6ac45b7326afb66380f5) Importer(2089858483,192608db42251d675da83286b1cce702) (ScriptedImporter)Generated GUIDs only implemented for interfaces!
 -> (artifact id: '65e5ff29d72445c105b0e119344d9d51') in 0.0083534 seconds
Number of updated asset objects reloaded before import = 0Number of asset objects unloaded after import = 1

========================================================================
Received Import Request.
  Time since last request: 0.000081 seconds.
  path: Assets/aset/bg2.jpg
  artifactKey: Guid(5373496f4275cba408f975c944358939) Importer(2089858483,192608db42251d675da83286b1cce702)
Start importing Assets/aset/bg2.jpg using Guid(5373496f4275cba408f975c944358939) Importer(2089858483,192608db42251d675da83286b1cce702) (ScriptedImporter)Generated GUIDs only implemented for interfaces!
 -> (artifact id: 'ede9de5806f9cad405e7d3ed65bd610d') in 0.2566016 seconds
Number of updated asset objects reloaded before import = 0Number of asset objects unloaded after import = 3

========================================================================
Received Import Request.
  Time since last request: 0.000038 seconds.
  path: Assets/aset/kulit_pisang-removebg-preview (1).png
  artifactKey: Guid(989356be277829541b37abe7e019953d) Importer(2089858483,192608db42251d675da83286b1cce702)
Start importing Assets/aset/kulit_pisang-removebg-preview (1).png using Guid(989356be277829541b37abe7e019953d) Importer(2089858483,192608db42251d675da83286b1cce702) (ScriptedImporter)Generated GUIDs only implemented for interfaces!
 -> (artifact id: '12fb04d669bdac6a6a87a834f44a0ec9') in 0.0509767 seconds
Number of updated asset objects reloaded before import = 0Number of asset objects unloaded after import = 3

========================================================================
Received Import Request.
  Time since last request: 0.000032 seconds.
  path: Assets/aset/semangka-removebg-preview.png
  artifactKey: Guid(8960ddc31b265de4faba62b8770073d1) Importer(2089858483,192608db42251d675da83286b1cce702)
Start importing Assets/aset/semangka-removebg-preview.png using Guid(8960ddc31b265de4faba62b8770073d1) Importer(2089858483,192608db42251d675da83286b1cce702) (ScriptedImporter)Generated GUIDs only implemented for interfaces!
 -> (artifact id: '458a229b070ba8847ea6c01621eaaeaa') in 0.0425233 seconds
Number of updated asset objects reloaded before import = 0Number of asset objects unloaded after import = 3

========================================================================
Received Import Request.
  Time since last request: 0.000021 seconds.
  path: Assets/TextMesh Pro/Resources/Style Sheets/Default Style Sheet.asset
  artifactKey: Guid(f952c082cb03451daed3ee968ac6c63e) Importer(2089858483,192608db42251d675da83286b1cce702)
Start importing Assets/TextMesh Pro/Resources/Style Sheets/Default Style Sheet.asset using Guid(f952c082cb03451daed3ee968ac6c63e) Importer(2089858483,192608db42251d675da83286b1cce702) (ScriptedImporter)Generated GUIDs only implemented for interfaces!
 -> (artifact id: '33cc3b9f3872c9f986c4e424760e28ac') in 0.0066075 seconds
Number of updated asset objects reloaded before import = 0Number of asset objects unloaded after import = 1

========================================================================
Received Import Request.
  Time since last request: 0.000111 seconds.
  path: Assets/TextMesh Pro/Resources/Fonts & Materials/LiberationSans SDF - Fallback.asset
  artifactKey: Guid(2e498d1c8094910479dc3e1b768306a4) Importer(2089858483,192608db42251d675da83286b1cce702)
Start importing Assets/TextMesh Pro/Resources/Fonts & Materials/LiberationSans SDF - Fallback.asset using Guid(2e498d1c8094910479dc3e1b768306a4) Importer(2089858483,192608db42251d675da83286b1cce702) (ScriptedImporter)Generated GUIDs only implemented for interfaces!
 -> (artifact id: '0bef9267d831d7f31d9982d7e184aeb8') in 0.0402237 seconds
Number of updated asset objects reloaded before import = 0Number of asset objects unloaded after import = 5

========================================================================
Received Import Request.
  Time since last request: 0.000026 seconds.
  path: Assets/TextMesh Pro/Shaders/TMP_SDF-URP Lit.shadergraph
  artifactKey: Guid(a3d800b099a06e0478fb790c5e79057a) Importer(2089858483,192608db42251d675da83286b1cce702)
Start importing Assets/TextMesh Pro/Shaders/TMP_SDF-URP Lit.shadergraph using Guid(a3d800b099a06e0478fb790c5e79057a) Importer(2089858483,192608db42251d675da83286b1cce702) (ScriptedImporter)Generated GUIDs only implemented for interfaces!
 -> (artifact id: 'ace1f76f5cae1068e59167c6de8be2fc') in 0.0059533 seconds
Number of updated asset objects reloaded before import = 0Number of asset objects unloaded after import = 1

========================================================================
Received Import Request.
  Time since last request: 0.000116 seconds.
  path: Assets/TextMesh Pro/Resources/Sprite Assets/EmojiOne.asset
  artifactKey: Guid(c41005c129ba4d66911b75229fd70b45) Importer(2089858483,192608db42251d675da83286b1cce702)
Start importing Assets/TextMesh Pro/Resources/Sprite Assets/EmojiOne.asset using Guid(c41005c129ba4d66911b75229fd70b45) Importer(2089858483,192608db42251d675da83286b1cce702) (ScriptedImporter)Generated GUIDs only implemented for interfaces!
 -> (artifact id: '63fe0e57be914b6bfd3e379396efbc2b') in 0.0284431 seconds
Number of updated asset objects reloaded before import = 0Number of asset objects unloaded after import = 3

========================================================================
Received Import Request.
  Time since last request: 0.000020 seconds.
  path: Assets/Scenes/profile.unity
  artifactKey: Guid(95ae695357579c44aa9f9a9c014808b0) Importer(2089858483,192608db42251d675da83286b1cce702)
Start importing Assets/Scenes/profile.unity using Guid(95ae695357579c44aa9f9a9c014808b0) Importer(2089858483,192608db42251d675da83286b1cce702) (ScriptedImporter)Generated GUIDs only implemented for interfaces!
 -> (artifact id: '2656d5cd0cebb09ea0ebf689451824ac') in 0.0153074 seconds
Number of updated asset objects reloaded before import = 0Number of asset objects unloaded after import = 1

========================================================================
Received Import Request.
  Time since last request: 0.000197 seconds.
  path: Assets/TextMesh Pro/Shaders/TMP_SDF-Surface-Mobile.shader
  artifactKey: Guid(85187c2149c549c5b33f0cdb02836b17) Importer(2089858483,192608db42251d675da83286b1cce702)
Start importing Assets/TextMesh Pro/Shaders/TMP_SDF-Surface-Mobile.shader using Guid(85187c2149c549c5b33f0cdb02836b17) Importer(2089858483,192608db42251d675da83286b1cce702) (ScriptedImporter)Generated GUIDs only implemented for interfaces!
 -> (artifact id: 'e390f58fe2d1811e9374433b810c6c3b') in 0.0109169 seconds
Number of updated asset objects reloaded before import = 0Number of asset objects unloaded after import = 1

========================================================================
Received Import Request.
  Time since last request: 0.000037 seconds.
  path: Assets/aset/button_prifile-removebg-preview (1).png
  artifactKey: Guid(46bc9c1c2c81ad44bbc79cdd3d7bf6dc) Importer(2089858483,192608db42251d675da83286b1cce702)
Start importing Assets/aset/button_prifile-removebg-preview (1).png using Guid(46bc9c1c2c81ad44bbc79cdd3d7bf6dc) Importer(2089858483,192608db42251d675da83286b1cce702) (ScriptedImporter)Generated GUIDs only implemented for interfaces!
 -> (artifact id: '4c16e2f9867ed7169a4b5f8af24ed099') in 0.0252578 seconds
Number of updated asset objects reloaded before import = 0Number of asset objects unloaded after import = 3

========================================================================
Received Import Request.
  Time since last request: 0.000097 seconds.
  path: Assets/aset/putung_rokok-removebg-preview.png
  artifactKey: Guid(67c2e3f789d2e1f41b49d5a9da9cd330) Importer(2089858483,192608db42251d675da83286b1cce702)
Start importing Assets/aset/putung_rokok-removebg-preview.png using Guid(67c2e3f789d2e1f41b49d5a9da9cd330) Importer(2089858483,192608db42251d675da83286b1cce702) (ScriptedImporter)Generated GUIDs only implemented for interfaces!
 -> (artifact id: '447fb94a4af99e80a9f598259295701c') in 0.0322309 seconds
Number of updated asset objects reloaded before import = 0Number of asset objects unloaded after import = 5

========================================================================
Received Import Request.
  Time since last request: 0.000039 seconds.
  path: Assets/aset/sisa_apel-removebg-preview (1).png
  artifactKey: Guid(e7c3683e2afd854459d2791a135b5222) Importer(2089858483,192608db42251d675da83286b1cce702)
Start importing Assets/aset/sisa_apel-removebg-preview (1).png using Guid(e7c3683e2afd854459d2791a135b5222) Importer(2089858483,192608db42251d675da83286b1cce702) (ScriptedImporter)Generated GUIDs only implemented for interfaces!
 -> (artifact id: 'aa8953a1a121df7350c7f013d31ca4be') in 0.0168833 seconds
Number of updated asset objects reloaded before import = 0Number of asset objects unloaded after import = 3

========================================================================
Received Import Request.
  Time since last request: 0.000023 seconds.
  path: Assets/TextMesh Pro/Shaders/TMP_SDF-Mobile Overlay.shader
  artifactKey: Guid(a02a7d8c237544f1962732b55a9aebf1) Importer(2089858483,192608db42251d675da83286b1cce702)
Start importing Assets/TextMesh Pro/Shaders/TMP_SDF-Mobile Overlay.shader using Guid(a02a7d8c237544f1962732b55a9aebf1) Importer(2089858483,192608db42251d675da83286b1cce702) (ScriptedImporter)Generated GUIDs only implemented for interfaces!
 -> (artifact id: '239fdec75d1590ab865fa25d5e333b52') in 0.0066802 seconds
Number of updated asset objects reloaded before import = 0Number of asset objects unloaded after import = 1

========================================================================
Received Import Request.
  Time since last request: 0.000083 seconds.
  path: Assets/aset/kaleng1-removebg-preview (1).png
  artifactKey: Guid(5a5d4692f8c3b0145ab40d7756f6f0ec) Importer(2089858483,192608db42251d675da83286b1cce702)
Start importing Assets/aset/kaleng1-removebg-preview (1).png using Guid(5a5d4692f8c3b0145ab40d7756f6f0ec) Importer(2089858483,192608db42251d675da83286b1cce702) (ScriptedImporter)Generated GUIDs only implemented for interfaces!
 -> (artifact id: '78ef863735a9d38c6e5124c10c4b2d1c') in 0.0191919 seconds
Number of updated asset objects reloaded before import = 0Number of asset objects unloaded after import = 3

========================================================================
Received Import Request.
  Time since last request: 0.000176 seconds.
  path: Assets/Scenes/lvl2 (3).unity
  artifactKey: Guid(16c12869da2738f4ebfd8515b67e6dde) Importer(2089858483,192608db42251d675da83286b1cce702)
Start importing Assets/Scenes/lvl2 (3).unity using Guid(16c12869da2738f4ebfd8515b67e6dde) Importer(2089858483,192608db42251d675da83286b1cce702) (ScriptedImporter)Generated GUIDs only implemented for interfaces!
 -> (artifact id: '8031f0721c6d47bd19603ff5bb03d4d1') in 0.0066515 seconds
Number of updated asset objects reloaded before import = 0Number of asset objects unloaded after import = 1

========================================================================
Received Import Request.
  Time since last request: 0.000102 seconds.
  path: Assets/Scenes/lvl4 (4).unity
  artifactKey: Guid(ae243af639f953c40813c5bad15b80fd) Importer(2089858483,192608db42251d675da83286b1cce702)
Start importing Assets/Scenes/lvl4 (4).unity using Guid(ae243af639f953c40813c5bad15b80fd) Importer(2089858483,192608db42251d675da83286b1cce702) (ScriptedImporter)Generated GUIDs only implemented for interfaces!
 -> (artifact id: '335b132d27c166fde5ba7dd9a71a0644') in 0.0067179 seconds
Number of updated asset objects reloaded before import = 0Number of asset objects unloaded after import = 1

========================================================================
Received Import Request.
  Time since last request: 0.000088 seconds.
  path: Assets/aset/botol_plastik1-removebg-preview (1).png
  artifactKey: Guid(c471484cac310e147b312e444c5bc298) Importer(2089858483,192608db42251d675da83286b1cce702)
Start importing Assets/aset/botol_plastik1-removebg-preview (1).png using Guid(c471484cac310e147b312e444c5bc298) Importer(2089858483,192608db42251d675da83286b1cce702) (ScriptedImporter)Generated GUIDs only implemented for interfaces!
 -> (artifact id: '7755dbbd0e38ce078a89511747e59546') in 0.0182781 seconds
Number of updated asset objects reloaded before import = 0Number of asset objects unloaded after import = 3

========================================================================
Received Import Request.
  Time since last request: 0.000021 seconds.
  path: Assets/Scenes/level 3.unity
  artifactKey: Guid(1069b78304274b949903b7954bb10bc6) Importer(2089858483,192608db42251d675da83286b1cce702)
Start importing Assets/Scenes/level 3.unity using Guid(1069b78304274b949903b7954bb10bc6) Importer(2089858483,192608db42251d675da83286b1cce702) (ScriptedImporter)Generated GUIDs only implemented for interfaces!
 -> (artifact id: '956c404bd29cc2fff5da5a0f12d0184f') in 0.0070104 seconds
Number of updated asset objects reloaded before import = 0Number of asset objects unloaded after import = 1

========================================================================
Received Import Request.
  Time since last request: 0.000064 seconds.
  path: Assets/Scenes/lvl4 (7).unity
  artifactKey: Guid(48337261d755a8e4495e11a95f30f66f) Importer(2089858483,192608db42251d675da83286b1cce702)
Start importing Assets/Scenes/lvl4 (7).unity using Guid(48337261d755a8e4495e11a95f30f66f) Importer(2089858483,192608db42251d675da83286b1cce702) (ScriptedImporter)Generated GUIDs only implemented for interfaces!
 -> (artifact id: '0e2157943e857fcffaeb54e9b56baaa3') in 0.0094266 seconds
Number of updated asset objects reloaded before import = 0Number of asset objects unloaded after import = 1

========================================================================
Received Import Request.
  Time since last request: 0.000061 seconds.
  path: Assets/aset/kulit_telur-removebg-preview (1).png
  artifactKey: Guid(d00de0ee3548cb04aa1827030568d8fe) Importer(2089858483,192608db42251d675da83286b1cce702)
Start importing Assets/aset/kulit_telur-removebg-preview (1).png using Guid(d00de0ee3548cb04aa1827030568d8fe) Importer(2089858483,192608db42251d675da83286b1cce702) (ScriptedImporter)Generated GUIDs only implemented for interfaces!
 -> (artifact id: 'c51d9791ca46f39ebb616ac18bc8f0d6') in 0.0161351 seconds
Number of updated asset objects reloaded before import = 0Number of asset objects unloaded after import = 3

========================================================================
Received Import Request.
  Time since last request: 0.000059 seconds.
  path: Assets/Scenes/lvl4 (2).unity
  artifactKey: Guid(2abea34585d7c0044830ae2efb21f33e) Importer(2089858483,192608db42251d675da83286b1cce702)
Start importing Assets/Scenes/lvl4 (2).unity using Guid(2abea34585d7c0044830ae2efb21f33e) Importer(2089858483,192608db42251d675da83286b1cce702) (ScriptedImporter)Generated GUIDs only implemented for interfaces!
 -> (artifact id: '1aa39bae4d16eab018538e85a326f70b') in 0.0096432 seconds
Number of updated asset objects reloaded before import = 0Number of asset objects unloaded after import = 1

========================================================================
Received Import Request.
  Time since last request: 0.000063 seconds.
  path: Assets/Scenes/setting.unity
  artifactKey: Guid(969761a59de844a41a38d24ff7bd32ed) Importer(2089858483,192608db42251d675da83286b1cce702)
Start importing Assets/Scenes/setting.unity using Guid(969761a59de844a41a38d24ff7bd32ed) Importer(2089858483,192608db42251d675da83286b1cce702) (ScriptedImporter)Generated GUIDs only implemented for interfaces!
 -> (artifact id: '9fcbe6f2fa067d836969767672bd23f4') in 0.0109911 seconds
Number of updated asset objects reloaded before import = 0Number of asset objects unloaded after import = 1

========================================================================
Received Import Request.
  Time since last request: 0.000141 seconds.
  path: Assets/Scenes/lvl2 (4).unity
  artifactKey: Guid(90ef4e8add325794a8a85ca894d8193e) Importer(2089858483,192608db42251d675da83286b1cce702)
Start importing Assets/Scenes/lvl2 (4).unity using Guid(90ef4e8add325794a8a85ca894d8193e) Importer(2089858483,192608db42251d675da83286b1cce702) (ScriptedImporter)Generated GUIDs only implemented for interfaces!
 -> (artifact id: '4d0113e6b32b129cd69993f8363a67b7') in 0.0066117 seconds
Number of updated asset objects reloaded before import = 0Number of asset objects unloaded after import = 1

========================================================================
Received Import Request.
  Time since last request: 0.000068 seconds.
  path: Assets/aset/RGSTR-removebg-preview.png
  artifactKey: Guid(3a1440cb2e58da54c8277fbd21ec20d4) Importer(2089858483,192608db42251d675da83286b1cce702)
Start importing Assets/aset/RGSTR-removebg-preview.png using Guid(3a1440cb2e58da54c8277fbd21ec20d4) Importer(2089858483,192608db42251d675da83286b1cce702) (ScriptedImporter)Generated GUIDs only implemented for interfaces!
 -> (artifact id: '4ebfc8ae26f9e746f8abed1b21a88787') in 0.0192917 seconds
Number of updated asset objects reloaded before import = 0Number of asset objects unloaded after import = 3

========================================================================
Received Import Request.
  Time since last request: 0.000013 seconds.
  path: Assets/TextMesh Pro/Shaders/TMP_SDF-Mobile-2-Pass.shader
  artifactKey: Guid(0178fcb869bafef4690d177d31d17db8) Importer(2089858483,192608db42251d675da83286b1cce702)
Start importing Assets/TextMesh Pro/Shaders/TMP_SDF-Mobile-2-Pass.shader using Guid(0178fcb869bafef4690d177d31d17db8) Importer(2089858483,192608db42251d675da83286b1cce702) (ScriptedImporter)Generated GUIDs only implemented for interfaces!
 -> (artifact id: '4388e12ec9f299167302ca5263a4657f') in 0.0066725 seconds
Number of updated asset objects reloaded before import = 0Number of asset objects unloaded after import = 1

========================================================================
Received Import Request.
  Time since last request: 0.000028 seconds.
  path: Assets/Scenes/lvl4 (5).unity
  artifactKey: Guid(44b8a7d1e9b6a25488ae42b1e4b98ef9) Importer(2089858483,192608db42251d675da83286b1cce702)
Start importing Assets/Scenes/lvl4 (5).unity using Guid(44b8a7d1e9b6a25488ae42b1e4b98ef9) Importer(2089858483,192608db42251d675da83286b1cce702) (ScriptedImporter)Generated GUIDs only implemented for interfaces!
 -> (artifact id: '6998e5c9bf5e16ce88793c54f28edb22') in 0.0057731 seconds
Number of updated asset objects reloaded before import = 0Number of asset objects unloaded after import = 1

========================================================================
Received Import Request.
  Time since last request: 0.000093 seconds.
  path: Assets/TextMesh Pro/Documentation/TextMesh Pro User Guide 2016.pdf
  artifactKey: Guid(1b8d251f9af63b746bf2f7ffe00ebb9b) Importer(2089858483,192608db42251d675da83286b1cce702)
Start importing Assets/TextMesh Pro/Documentation/TextMesh Pro User Guide 2016.pdf using Guid(1b8d251f9af63b746bf2f7ffe00ebb9b) Importer(2089858483,192608db42251d675da83286b1cce702) (ScriptedImporter)Generated GUIDs only implemented for interfaces!
 -> (artifact id: '77d689ef97d67cbc926e8033df2288a9') in 0.0042686 seconds
Number of updated asset objects reloaded before import = 0Number of asset objects unloaded after import = 1

========================================================================
Received Import Request.
  Time since last request: 0.000086 seconds.
  path: Assets/TextMesh Pro/Shaders/TMP_SDF-HDRP UNLIT.shadergraph
  artifactKey: Guid(f63d574838ccfb44f84acc05fed0af48) Importer(2089858483,192608db42251d675da83286b1cce702)
Start importing Assets/TextMesh Pro/Shaders/TMP_SDF-HDRP UNLIT.shadergraph using Guid(f63d574838ccfb44f84acc05fed0af48) Importer(2089858483,192608db42251d675da83286b1cce702) (ScriptedImporter)Generated GUIDs only implemented for interfaces!
 -> (artifact id: 'ac77434f5b32800c98bc6cbd86f2b708') in 0.0036846 seconds
Number of updated asset objects reloaded before import = 0Number of asset objects unloaded after import = 1

========================================================================
Received Import Request.
  Time since last request: 0.000061 seconds.
  path: Assets/Scenes/lvl1 (6).unity
  artifactKey: Guid(746ba049d7c20474ca13eeb9469b4130) Importer(2089858483,192608db42251d675da83286b1cce702)
Start importing Assets/Scenes/lvl1 (6).unity using Guid(746ba049d7c20474ca13eeb9469b4130) Importer(2089858483,192608db42251d675da83286b1cce702) (ScriptedImporter)Generated GUIDs only implemented for interfaces!
 -> (artifact id: '2c45626db9a61daa85dd21fe81bb1391') in 0.0051376 seconds
Number of updated asset objects reloaded before import = 0Number of asset objects unloaded after import = 1

========================================================================
Received Import Request.
  Time since last request: 0.000058 seconds.
  path: Assets/TextMesh Pro/Shaders/TMP_SDF-Mobile Masking.shader
  artifactKey: Guid(bc1ede39bf3643ee8e493720e4259791) Importer(2089858483,192608db42251d675da83286b1cce702)
Start importing Assets/TextMesh Pro/Shaders/TMP_SDF-Mobile Masking.shader using Guid(bc1ede39bf3643ee8e493720e4259791) Importer(2089858483,192608db42251d675da83286b1cce702) (ScriptedImporter)Generated GUIDs only implemented for interfaces!
 -> (artifact id: 'a3a70d1ce836a1e576efd52ebdd56a2a') in 0.0070097 seconds
Number of updated asset objects reloaded before import = 0Number of asset objects unloaded after import = 1

========================================================================
Received Import Request.
  Time since last request: 0.000068 seconds.
  path: Assets/aset/LGN-removebg-preview.png
  artifactKey: Guid(50301f9e24723174e8b55cd588b9711a) Importer(2089858483,192608db42251d675da83286b1cce702)
Start importing Assets/aset/LGN-removebg-preview.png using Guid(50301f9e24723174e8b55cd588b9711a) Importer(2089858483,192608db42251d675da83286b1cce702) (ScriptedImporter)Generated GUIDs only implemented for interfaces!
 -> (artifact id: '010ee5d68a7ccb3bcc0a12f8975ea4f2') in 0.0189419 seconds
Number of updated asset objects reloaded before import = 0Number of asset objects unloaded after import = 3

========================================================================
Received Import Request.
  Time since last request: 0.000015 seconds.
  path: Assets/aset/gelas-removebg-preview.png
  artifactKey: Guid(1e1d7b3215a7dd84a9945819f422f44c) Importer(2089858483,192608db42251d675da83286b1cce702)
Start importing Assets/aset/gelas-removebg-preview.png using Guid(1e1d7b3215a7dd84a9945819f422f44c) Importer(2089858483,192608db42251d675da83286b1cce702) (ScriptedImporter)Generated GUIDs only implemented for interfaces!
 -> (artifact id: '1e6448cce0a9e71d86b5997b35f6064e') in 0.0201344 seconds
Number of updated asset objects reloaded before import = 0Number of asset objects unloaded after import = 3

========================================================================
Received Import Request.
  Time since last request: 0.000016 seconds.
  path: Assets/Scenes/setting2.unity
  artifactKey: Guid(ddc9d671b50cf184b943cb464b10861a) Importer(2089858483,192608db42251d675da83286b1cce702)
Start importing Assets/Scenes/setting2.unity using Guid(ddc9d671b50cf184b943cb464b10861a) Importer(2089858483,192608db42251d675da83286b1cce702) (ScriptedImporter)Generated GUIDs only implemented for interfaces!
 -> (artifact id: '2541c2ba7c8717ab7e83c2feddb1a95e') in 0.0081111 seconds
Number of updated asset objects reloaded before import = 0Number of asset objects unloaded after import = 1

Editor requested this worker to shutdown with reason: Scaling down because of idle timeout
AssetImportWorker is now disconnected from the server
Process exiting
Exiting without the bug reporter. Application will terminate with return code 0